androidApp/build/intermediates/manifest_merge_blame_file/freeDebug/processFreeDebugMainManifest/manifest-merger-blame-free-debug-report.txt
1<?xml version="1.0" encoding="utf-8"?>
2<manifest xmlns:android="http://schemas.android.com/apk/res/android"
3    package="com.safeword.free.debug"
4    android:versionCode="1"
5    android:versionName="1.0.0-free" >
6
7    <uses-sdk
8        android:minSdkVersion="26"
9        android:targetSdkVersion="35" />
10
11    <uses-feature
11-->src\main\AndroidManifest.xml:4:5-89
12        android:name="android.hardware.microphone"
12-->src\main\AndroidManifest.xml:4:19-61
13        android:required="false" />
13-->src\main\AndroidManifest.xml:4:62-86
14
15    <uses-permission android:name="android.permission.RECORD_AUDIO" />
15-->src\main\AndroidManifest.xml:6:5-71
15-->src\main\AndroidManifest.xml:6:22-68
16    <uses-permission android:name="android.permission.MODIFY_AUDIO_SETTINGS" />
16-->src\main\AndroidManifest.xml:7:5-80
16-->src\main\AndroidManifest.xml:7:22-77
17    <uses-permission android:name="android.permission.RECEIVE_SMS" />
17-->src\main\AndroidManifest.xml:8:5-70
17-->src\main\AndroidManifest.xml:8:22-67
18    <uses-permission android:name="android.permission.SEND_SMS" />
18-->src\main\AndroidManifest.xml:9:5-67
18-->src\main\AndroidManifest.xml:9:22-64
19    <uses-permission android:name="android.permission.READ_SMS" />
19-->src\main\AndroidManifest.xml:10:5-67
19-->src\main\AndroidManifest.xml:10:22-64
20    <uses-permission android:name="android.permission.POST_NOTIFICATIONS" />
20-->src\main\AndroidManifest.xml:11:5-77
20-->src\main\AndroidManifest.xml:11:22-74
21    <uses-permission android:name="android.permission.ACCESS_COARSE_LOCATION" />
21-->src\main\AndroidManifest.xml:12:5-81
21-->src\main\AndroidManifest.xml:12:22-78
22    <uses-permission android:name="android.permission.ACCESS_FINE_LOCATION" />
22-->src\main\AndroidManifest.xml:13:5-79
22-->src\main\AndroidManifest.xml:13:22-76
23    <uses-permission android:name="android.permission.CALL_PHONE" />
23-->src\main\AndroidManifest.xml:14:5-69
23-->src\main\AndroidManifest.xml:14:22-66
24    <uses-permission android:name="android.permission.READ_CONTACTS" />
24-->src\main\AndroidManifest.xml:15:5-72
24-->src\main\AndroidManifest.xml:15:22-69
25    <uses-permission android:name="android.permission.FOREGROUND_SERVICE" />
25-->src\main\AndroidManifest.xml:16:5-77
25-->src\main\AndroidManifest.xml:16:22-74
26    <uses-permission android:name="android.permission.FOREGROUND_SERVICE_MICROPHONE" />
26-->src\main\AndroidManifest.xml:17:5-88
26-->src\main\AndroidManifest.xml:17:22-85
27    <uses-permission android:name="android.permission.FOREGROUND_SERVICE_DATA_SYNC" />
27-->src\main\AndroidManifest.xml:18:5-87
27-->src\main\AndroidManifest.xml:18:22-84
28    <uses-permission android:name="android.permission.CHANGE_WIFI_MULTICAST_STATE" />
28-->src\main\AndroidManifest.xml:19:5-86
28-->src\main\AndroidManifest.xml:19:22-83
29    <uses-permission android:name="android.permission.INTERNET" />
29-->src\main\AndroidManifest.xml:20:5-67
29-->src\main\AndroidManifest.xml:20:22-64
30    <uses-permission android:name="android.permission.ACCESS_NOTIFICATION_POLICY" />
30-->src\main\AndroidManifest.xml:21:5-85
30-->src\main\AndroidManifest.xml:21:22-82
31    <uses-permission android:name="android.permission.ACCESS_NETWORK_STATE" />
31-->[com.google.android.gms:play-services-ads-lite:23.2.0] AndroidManifest.xml:25:5-79
31-->[com.google.android.gms:play-services-ads-lite:23.2.0] AndroidManifest.xml:25:22-76
32    <uses-permission android:name="com.google.android.gms.permission.AD_ID" />
32-->[com.google.android.gms:play-services-ads-lite:23.2.0] AndroidManifest.xml:26:5-79
32-->[com.google.android.gms:play-services-ads-lite:23.2.0] AndroidManifest.xml:26:22-76
33    <uses-permission android:name="android.permission.ACCESS_ADSERVICES_AD_ID" />
33-->[com.google.android.gms:play-services-ads-lite:23.2.0] AndroidManifest.xml:27:5-82
33-->[com.google.android.gms:play-services-ads-lite:23.2.0] AndroidManifest.xml:27:22-79
34    <uses-permission android:name="android.permission.ACCESS_ADSERVICES_ATTRIBUTION" />
34-->[com.google.android.gms:play-services-ads-lite:23.2.0] AndroidManifest.xml:28:5-88
34-->[com.google.android.gms:play-services-ads-lite:23.2.0] AndroidManifest.xml:28:22-85
35    <uses-permission android:name="android.permission.ACCESS_ADSERVICES_TOPICS" /> <!-- Android package visibility setting -->
35-->[com.google.android.gms:play-services-ads-lite:23.2.0] AndroidManifest.xml:29:5-83
35-->[com.google.android.gms:play-services-ads-lite:23.2.0] AndroidManifest.xml:29:22-80
36    <queries>
36-->[com.google.android.gms:play-services-ads-lite:23.2.0] AndroidManifest.xml:35:5-51:15
37
38        <!-- For browser content -->
39        <intent>
39-->[com.google.android.gms:play-services-ads-lite:23.2.0] AndroidManifest.xml:38:9-44:18
40            <action android:name="android.intent.action.VIEW" />
40-->[com.google.android.gms:play-services-ads-lite:23.2.0] AndroidManifest.xml:39:13-65
40-->[com.google.android.gms:play-services-ads-lite:23.2.0] AndroidManifest.xml:39:21-62
41
42            <category android:name="android.intent.category.BROWSABLE" />
42-->[com.google.android.gms:play-services-ads-lite:23.2.0] AndroidManifest.xml:41:13-74
42-->[com.google.android.gms:play-services-ads-lite:23.2.0] AndroidManifest.xml:41:23-71
43
44            <data android:scheme="https" />
44-->[com.google.android.gms:play-services-ads-lite:23.2.0] AndroidManifest.xml:43:13-44
44-->[com.google.android.gms:play-services-ads-lite:23.2.0] AndroidManifest.xml:43:19-41
45        </intent>
46        <!-- End of browser content -->
47        <!-- For CustomTabsService -->
48        <intent>
48-->[com.google.android.gms:play-services-ads-lite:23.2.0] AndroidManifest.xml:47:9-49:18
49            <action android:name="android.support.customtabs.action.CustomTabsService" />
49-->[com.google.android.gms:play-services-ads-lite:23.2.0] AndroidManifest.xml:48:13-90
49-->[com.google.android.gms:play-services-ads-lite:23.2.0] AndroidManifest.xml:48:21-87
50        </intent>
51        <!-- End of CustomTabsService -->
52    </queries>
53
54    <uses-permission android:name="android.permission.WAKE_LOCK" />
54-->[com.google.android.gms:play-services-measurement-sdk-api:20.1.2] AndroidManifest.xml:25:5-68
54-->[com.google.android.gms:play-services-measurement-sdk-api:20.1.2] AndroidManifest.xml:25:22-65
55
56    <permission
56-->[androidx.core:core:1.13.0] AndroidManifest.xml:22:5-24:47
57        android:name="com.safeword.free.debug.DYNAMIC_RECEIVER_NOT_EXPORTED_PERMISSION"
57-->[androidx.core:core:1.13.0] AndroidManifest.xml:23:9-81
58        android:protectionLevel="signature" />
58-->[androidx.core:core:1.13.0] AndroidManifest.xml:24:9-44
59
60    <uses-permission android:name="com.safeword.free.debug.DYNAMIC_RECEIVER_NOT_EXPORTED_PERMISSION" />
60-->[androidx.core:core:1.13.0] AndroidManifest.xml:26:5-97
60-->[androidx.core:core:1.13.0] AndroidManifest.xml:26:22-94
61
62    <application
62-->src\main\AndroidManifest.xml:23:5-80:19
63        android:name="com.safeword.SafeWordApp"
63-->src\main\AndroidManifest.xml:24:9-36
64        android:allowBackup="false"
64-->src\main\AndroidManifest.xml:25:9-36
65        android:appComponentFactory="androidx.core.app.CoreComponentFactory"
65-->[androidx.core:core:1.13.0] AndroidManifest.xml:28:18-86
66        android:debuggable="true"
67        android:extractNativeLibs="false"
68        android:icon="@mipmap/ic_launcher"
68-->src\main\AndroidManifest.xml:26:9-43
69        android:label="@string/app_name"
69-->src\main\AndroidManifest.xml:27:9-41
70        android:roundIcon="@mipmap/ic_launcher_round"
70-->src\main\AndroidManifest.xml:28:9-54
71        android:supportsRtl="true"
71-->src\main\AndroidManifest.xml:29:9-35
72        android:theme="@style/Theme.SafeWord" >
72-->src\main\AndroidManifest.xml:30:9-46
73        <meta-data
73-->src\main\AndroidManifest.xml:32:9-34:52
74            android:name="com.google.android.gms.ads.APPLICATION_ID"
74-->src\main\AndroidManifest.xml:33:13-69
75            android:value="@string/admob_app_id" />
75-->src\main\AndroidManifest.xml:34:13-49
76
77        <service
77-->src\main\AndroidManifest.xml:36:9-40:67
78            android:name="com.safeword.service.VoiceRecognitionService"
78-->src\main\AndroidManifest.xml:37:13-60
79            android:enabled="true"
79-->src\main\AndroidManifest.xml:38:13-35
80            android:exported="false"
80-->src\main\AndroidManifest.xml:39:13-37
81            android:foregroundServiceType="microphone|dataSync" />
81-->src\main\AndroidManifest.xml:40:13-64
82        <service
82-->src\main\AndroidManifest.xml:42:9-45:40
83            android:name="com.safeword.service.EmergencyHandlerService"
83-->src\main\AndroidManifest.xml:43:13-60
84            android:enabled="true"
84-->src\main\AndroidManifest.xml:44:13-35
85            android:exported="false" />
85-->src\main\AndroidManifest.xml:45:13-37
86
87        <receiver
87-->src\main\AndroidManifest.xml:47:9-55:20
88            android:name="com.safeword.receiver.SafeWordSmsReceiver"
88-->src\main\AndroidManifest.xml:48:13-57
89            android:enabled="true"
89-->src\main\AndroidManifest.xml:49:13-35
90            android:exported="true"
90-->src\main\AndroidManifest.xml:50:13-36
91            android:permission="android.permission.BROADCAST_SMS" >
91-->src\main\AndroidManifest.xml:51:13-66
92            <intent-filter android:priority="999" >
92-->src\main\AndroidManifest.xml:52:13-54:29
92-->src\main\AndroidManifest.xml:52:28-50
93                <action android:name="android.provider.Telephony.SMS_RECEIVED" />
93-->src\main\AndroidManifest.xml:53:17-82
93-->src\main\AndroidManifest.xml:53:25-79
94            </intent-filter>
95        </receiver>
96
97        <activity
97-->src\main\AndroidManifest.xml:57:9-64:20
98            android:name="com.safeword.ui.MainActivity"
98-->src\main\AndroidManifest.xml:58:13-44
99            android:exported="true" >
99-->src\main\AndroidManifest.xml:59:13-36
100            <intent-filter>
100-->src\main\AndroidManifest.xml:60:13-63:29
101                <action android:name="android.intent.action.MAIN" />
101-->src\main\AndroidManifest.xml:61:17-69
101-->src\main\AndroidManifest.xml:61:25-66
102
103                <category android:name="android.intent.category.LAUNCHER" />
103-->src\main\AndroidManifest.xml:62:17-77
103-->src\main\AndroidManifest.xml:62:27-74
104            </intent-filter>
105        </activity>
106        <activity android:name="com.safeword.ui.SettingsActivity" />
106-->src\main\AndroidManifest.xml:65:9-57
106-->src\main\AndroidManifest.xml:65:19-54
107        <activity android:name="com.safeword.ui.ContactsActivity" />
107-->src\main\AndroidManifest.xml:66:9-57
107-->src\main\AndroidManifest.xml:66:19-54
108        <activity
108-->src\main\AndroidManifest.xml:67:9-69:40
109            android:name="com.safeword.ui.SafeWordWizardActivity"
109-->src\main\AndroidManifest.xml:68:13-54
110            android:exported="false" />
110-->src\main\AndroidManifest.xml:69:13-37
111        <activity
111-->src\main\AndroidManifest.xml:70:9-72:40
112            android:name="com.safeword.ui.onboarding.OnboardingActivity"
112-->src\main\AndroidManifest.xml:71:13-61
113            android:exported="false" />
113-->src\main\AndroidManifest.xml:72:13-37
114
115        <service
115-->src\main\AndroidManifest.xml:74:9-78:56
116            android:name="com.safeword.service.SafeWordPeerService"
116-->src\main\AndroidManifest.xml:75:13-56
117            android:enabled="true"
117-->src\main\AndroidManifest.xml:76:13-35
118            android:exported="false"
118-->src\main\AndroidManifest.xml:77:13-37
119            android:foregroundServiceType="dataSync" />
119-->src\main\AndroidManifest.xml:78:13-53
120
121        <activity
121-->[com.google.android.gms:play-services-base:18.1.0] AndroidManifest.xml:20:9-22:45
122            android:name="com.google.android.gms.common.api.GoogleApiActivity"
122-->[com.google.android.gms:play-services-base:18.1.0] AndroidManifest.xml:20:19-85
123            android:exported="false"
123-->[com.google.android.gms:play-services-base:18.1.0] AndroidManifest.xml:22:19-43
124            android:theme="@android:style/Theme.Translucent.NoTitleBar" /> <!-- Include the AdActivity and InAppPurchaseActivity configChanges and themes. -->
124-->[com.google.android.gms:play-services-base:18.1.0] AndroidManifest.xml:21:19-78
125        <activity
125-->[com.google.android.gms:play-services-ads-lite:23.2.0] AndroidManifest.xml:56:9-61:43
126            android:name="com.google.android.gms.ads.AdActivity"
126-->[com.google.android.gms:play-services-ads-lite:23.2.0] AndroidManifest.xml:57:13-65
127            android:configChanges="keyboard|keyboardHidden|orientation|screenLayout|uiMode|screenSize|smallestScreenSize"
127-->[com.google.android.gms:play-services-ads-lite:23.2.0] AndroidManifest.xml:58:13-122
128            android:exported="false"
128-->[com.google.android.gms:play-services-ads-lite:23.2.0] AndroidManifest.xml:59:13-37
129            android:theme="@android:style/Theme.Translucent" />
129-->[com.google.android.gms:play-services-ads-lite:23.2.0] AndroidManifest.xml:60:13-61
130
131        <provider
131-->[com.google.android.gms:play-services-ads-lite:23.2.0] AndroidManifest.xml:63:9-68:43
132            android:name="com.google.android.gms.ads.MobileAdsInitProvider"
132-->[com.google.android.gms:play-services-ads-lite:23.2.0] AndroidManifest.xml:64:13-76
133            android:authorities="com.safeword.free.debug.mobileadsinitprovider"
133-->[com.google.android.gms:play-services-ads-lite:23.2.0] AndroidManifest.xml:65:13-73
134            android:exported="false"
134-->[com.google.android.gms:play-services-ads-lite:23.2.0] AndroidManifest.xml:66:13-37
135            android:initOrder="100" />
135-->[com.google.android.gms:play-services-ads-lite:23.2.0] AndroidManifest.xml:67:13-36
136
137        <service
137-->[com.google.android.gms:play-services-ads-lite:23.2.0] AndroidManifest.xml:70:9-74:43
138            android:name="com.google.android.gms.ads.AdService"
138-->[com.google.android.gms:play-services-ads-lite:23.2.0] AndroidManifest.xml:71:13-64
139            android:enabled="true"
139-->[com.google.android.gms:play-services-ads-lite:23.2.0] AndroidManifest.xml:72:13-35
140            android:exported="false" />
140-->[com.google.android.gms:play-services-ads-lite:23.2.0] AndroidManifest.xml:73:13-37
141
142        <activity
142-->[com.google.android.gms:play-services-ads-lite:23.2.0] AndroidManifest.xml:76:9-80:43
143            android:name="com.google.android.gms.ads.OutOfContextTestingActivity"
143-->[com.google.android.gms:play-services-ads-lite:23.2.0] AndroidManifest.xml:77:13-82
144            android:configChanges="keyboard|keyboardHidden|orientation|screenLayout|uiMode|screenSize|smallestScreenSize"
144-->[com.google.android.gms:play-services-ads-lite:23.2.0] AndroidManifest.xml:78:13-122
145            android:exported="false" />
145-->[com.google.android.gms:play-services-ads-lite:23.2.0] AndroidManifest.xml:79:13-37
146        <activity
146-->[com.google.android.gms:play-services-ads-lite:23.2.0] AndroidManifest.xml:81:9-88:43
147            android:name="com.google.android.gms.ads.NotificationHandlerActivity"
147-->[com.google.android.gms:play-services-ads-lite:23.2.0] AndroidManifest.xml:82:13-82
148            android:excludeFromRecents="true"
148-->[com.google.android.gms:play-services-ads-lite:23.2.0] AndroidManifest.xml:83:13-46
149            android:exported="false"
149-->[com.google.android.gms:play-services-ads-lite:23.2.0] AndroidManifest.xml:84:13-37
150            android:launchMode="singleTask"
150-->[com.google.android.gms:play-services-ads-lite:23.2.0] AndroidManifest.xml:85:13-44
151            android:taskAffinity=""
151-->[com.google.android.gms:play-services-ads-lite:23.2.0] AndroidManifest.xml:86:13-36
152            android:theme="@android:style/Theme.Translucent.NoTitleBar" />
152-->[com.google.android.gms:play-services-ads-lite:23.2.0] AndroidManifest.xml:87:13-72
153
154        <property
154-->[com.google.android.gms:play-services-ads-lite:23.2.0] AndroidManifest.xml:90:9-92:62
155            android:name="android.adservices.AD_SERVICES_CONFIG"
155-->[com.google.android.gms:play-services-ads-lite:23.2.0] AndroidManifest.xml:91:13-65
156            android:resource="@xml/gma_ad_services_config" />
156-->[com.google.android.gms:play-services-ads-lite:23.2.0] AndroidManifest.xml:92:13-59
157
158        <meta-data
158-->[com.google.android.gms:play-services-basement:18.3.0] AndroidManifest.xml:21:9-23:69
159            android:name="com.google.android.gms.version"
159-->[com.google.android.gms:play-services-basement:18.3.0] AndroidManifest.xml:22:13-58
160            android:value="@integer/google_play_services_version" />
160-->[com.google.android.gms:play-services-basement:18.3.0] AndroidManifest.xml:23:13-66
161
162        <provider
162-->[androidx.work:work-runtime:2.9.1] AndroidManifest.xml:29:9-37:20
163            android:name="androidx.startup.InitializationProvider"
163-->[androidx.work:work-runtime:2.9.1] AndroidManifest.xml:30:13-67
164            android:authorities="com.safeword.free.debug.androidx-startup"
164-->[androidx.work:work-runtime:2.9.1] AndroidManifest.xml:31:13-68
165            android:exported="false" >
165-->[androidx.work:work-runtime:2.9.1] AndroidManifest.xml:32:13-37
166            <meta-data
166-->[androidx.work:work-runtime:2.9.1] AndroidManifest.xml:34:13-36:52
167                android:name="androidx.work.WorkManagerInitializer"
167-->[androidx.work:work-runtime:2.9.1] AndroidManifest.xml:35:17-68
168                android:value="androidx.startup" />
168-->[androidx.work:work-runtime:2.9.1] AndroidManifest.xml:36:17-49
169            <meta-data
169-->[androidx.emoji2:emoji2:1.3.0] AndroidManifest.xml:29:13-31:52
170                android:name="androidx.emoji2.text.EmojiCompatInitializer"
170-->[androidx.emoji2:emoji2:1.3.0] AndroidManifest.xml:30:17-75
171                android:value="androidx.startup" />
171-->[androidx.emoji2:emoji2:1.3.0] AndroidManifest.xml:31:17-49
172            <meta-data
172-->[androidx.lifecycle:lifecycle-process:2.7.0] AndroidManifest.xml:29:13-31:52
173                android:name="androidx.lifecycle.ProcessLifecycleInitializer"
173-->[androidx.lifecycle:lifecycle-process:2.7.0] AndroidManifest.xml:30:17-78
174                android:value="androidx.startup" />
174-->[androidx.lifecycle:lifecycle-process:2.7.0] AndroidManifest.xml:31:17-49
175            <meta-data
175-->[androidx.profileinstaller:profileinstaller:1.3.0] AndroidManifest.xml:29:13-31:52
176                android:name="androidx.profileinstaller.ProfileInstallerInitializer"
176-->[androidx.profileinstaller:profileinstaller:1.3.0] AndroidManifest.xml:30:17-85
177                android:value="androidx.startup" />
177-->[androidx.profileinstaller:profileinstaller:1.3.0] AndroidManifest.xml:31:17-49
178        </provider>
179
180        <service
180-->[androidx.work:work-runtime:2.9.1] AndroidManifest.xml:39:9-45:35
181            android:name="androidx.work.impl.background.systemalarm.SystemAlarmService"
181-->[androidx.work:work-runtime:2.9.1] AndroidManifest.xml:40:13-88
182            android:directBootAware="false"
182-->[androidx.work:work-runtime:2.9.1] AndroidManifest.xml:41:13-44
183            android:enabled="@bool/enable_system_alarm_service_default"
183-->[androidx.work:work-runtime:2.9.1] AndroidManifest.xml:42:13-72
184            android:exported="false" />
184-->[androidx.work:work-runtime:2.9.1] AndroidManifest.xml:43:13-37
185        <service
185-->[androidx.work:work-runtime:2.9.1] AndroidManifest.xml:46:9-52:35
186            android:name="androidx.work.impl.background.systemjob.SystemJobService"
186-->[androidx.work:work-runtime:2.9.1] AndroidManifest.xml:47:13-84
187            android:directBootAware="false"
187-->[androidx.work:work-runtime:2.9.1] AndroidManifest.xml:48:13-44
188            android:enabled="@bool/enable_system_job_service_default"
188-->[androidx.work:work-runtime:2.9.1] AndroidManifest.xml:49:13-70
189            android:exported="true"
189-->[androidx.work:work-runtime:2.9.1] AndroidManifest.xml:50:13-36
190            android:permission="android.permission.BIND_JOB_SERVICE" />
190-->[androidx.work:work-runtime:2.9.1] AndroidManifest.xml:51:13-69
191        <service
191-->[androidx.work:work-runtime:2.9.1] AndroidManifest.xml:53:9-59:35
192            android:name="androidx.work.impl.foreground.SystemForegroundService"
192-->[androidx.work:work-runtime:2.9.1] AndroidManifest.xml:54:13-81
193            android:directBootAware="false"
193-->[androidx.work:work-runtime:2.9.1] AndroidManifest.xml:55:13-44
194            android:enabled="@bool/enable_system_foreground_service_default"
194-->[androidx.work:work-runtime:2.9.1] AndroidManifest.xml:56:13-77
195            android:exported="false" />
195-->[androidx.work:work-runtime:2.9.1] AndroidManifest.xml:57:13-37
196
197        <receiver
197-->[androidx.work:work-runtime:2.9.1] AndroidManifest.xml:61:9-66:35
198            android:name="androidx.work.impl.utils.ForceStopRunnable$BroadcastReceiver"
198-->[androidx.work:work-runtime:2.9.1] AndroidManifest.xml:62:13-88
199            android:directBootAware="false"
199-->[androidx.work:work-runtime:2.9.1] AndroidManifest.xml:63:13-44
200            android:enabled="true"
200-->[androidx.work:work-runtime:2.9.1] AndroidManifest.xml:64:13-35
201            android:exported="false" />
201-->[androidx.work:work-runtime:2.9.1] AndroidManifest.xml:65:13-37
202        <receiver
202-->[androidx.work:work-runtime:2.9.1] AndroidManifest.xml:67:9-77:20
203            android:name="androidx.work.impl.background.systemalarm.ConstraintProxy$BatteryChargingProxy"
203-->[androidx.work:work-runtime:2.9.1] AndroidManifest.xml:68:13-106
204            android:directBootAware="false"
204-->[androidx.work:work-runtime:2.9.1] AndroidManifest.xml:69:13-44
205            android:enabled="false"
205-->[androidx.work:work-runtime:2.9.1] AndroidManifest.xml:70:13-36
206            android:exported="false" >
206-->[androidx.work:work-runtime:2.9.1] AndroidManifest.xml:71:13-37
207            <intent-filter>
207-->[androidx.work:work-runtime:2.9.1] AndroidManifest.xml:73:13-76:29
208                <action android:name="android.intent.action.ACTION_POWER_CONNECTED" />
208-->[androidx.work:work-runtime:2.9.1] AndroidManifest.xml:74:17-87
208-->[androidx.work:work-runtime:2.9.1] AndroidManifest.xml:74:25-84
209                <action android:name="android.intent.action.ACTION_POWER_DISCONNECTED" />
209-->[androidx.work:work-runtime:2.9.1] AndroidManifest.xml:75:17-90
209-->[androidx.work:work-runtime:2.9.1] AndroidManifest.xml:75:25-87
210            </intent-filter>
211        </receiver>
212        <receiver
212-->[androidx.work:work-runtime:2.9.1] AndroidManifest.xml:78:9-88:20
213            android:name="androidx.work.impl.background.systemalarm.ConstraintProxy$BatteryNotLowProxy"
213-->[androidx.work:work-runtime:2.9.1] AndroidManifest.xml:79:13-104
214            android:directBootAware="false"
214-->[androidx.work:work-runtime:2.9.1] AndroidManifest.xml:80:13-44
215            android:enabled="false"
215-->[androidx.work:work-runtime:2.9.1] AndroidManifest.xml:81:13-36
216            android:exported="false" >
216-->[androidx.work:work-runtime:2.9.1] AndroidManifest.xml:82:13-37
217            <intent-filter>
217-->[androidx.work:work-runtime:2.9.1] AndroidManifest.xml:84:13-87:29
218                <action android:name="android.intent.action.BATTERY_OKAY" />
218-->[androidx.work:work-runtime:2.9.1] AndroidManifest.xml:85:17-77
218-->[androidx.work:work-runtime:2.9.1] AndroidManifest.xml:85:25-74
219                <action android:name="android.intent.action.BATTERY_LOW" />
219-->[androidx.work:work-runtime:2.9.1] AndroidManifest.xml:86:17-76
219-->[androidx.work:work-runtime:2.9.1] AndroidManifest.xml:86:25-73
220            </intent-filter>
221        </receiver>
222        <receiver
222-->[androidx.work:work-runtime:2.9.1] AndroidManifest.xml:89:9-99:20
223            android:name="androidx.work.impl.background.systemalarm.ConstraintProxy$StorageNotLowProxy"
223-->[androidx.work:work-runtime:2.9.1] AndroidManifest.xml:90:13-104
224            android:directBootAware="false"
224-->[androidx.work:work-runtime:2.9.1] AndroidManifest.xml:91:13-44
225            android:enabled="false"
225-->[androidx.work:work-runtime:2.9.1] AndroidManifest.xml:92:13-36
226            android:exported="false" >
226-->[androidx.work:work-runtime:2.9.1] AndroidManifest.xml:93:13-37
227            <intent-filter>
227-->[androidx.work:work-runtime:2.9.1] AndroidManifest.xml:95:13-98:29
228                <action android:name="android.intent.action.DEVICE_STORAGE_LOW" />
228-->[androidx.work:work-runtime:2.9.1] AndroidManifest.xml:96:17-83
228-->[androidx.work:work-runtime:2.9.1] AndroidManifest.xml:96:25-80
229                <action android:name="android.intent.action.DEVICE_STORAGE_OK" />
229-->[androidx.work:work-runtime:2.9.1] AndroidManifest.xml:97:17-82
229-->[androidx.work:work-runtime:2.9.1] AndroidManifest.xml:97:25-79
230            </intent-filter>
231        </receiver>
232        <receiver
232-->[androidx.work:work-runtime:2.9.1] AndroidManifest.xml:100:9-109:20
233            android:name="androidx.work.impl.background.systemalarm.ConstraintProxy$NetworkStateProxy"
233-->[androidx.work:work-runtime:2.9.1] AndroidManifest.xml:101:13-103
234            android:directBootAware="false"
234-->[androidx.work:work-runtime:2.9.1] AndroidManifest.xml:102:13-44
235            android:enabled="false"
235-->[androidx.work:work-runtime:2.9.1] AndroidManifest.xml:103:13-36
236            android:exported="false" >
236-->[androidx.work:work-runtime:2.9.1] AndroidManifest.xml:104:13-37
237            <intent-filter>
237-->[androidx.work:work-runtime:2.9.1] AndroidManifest.xml:106:13-108:29
238                <action android:name="android.net.conn.CONNECTIVITY_CHANGE" />
238-->[androidx.work:work-runtime:2.9.1] AndroidManifest.xml:107:17-79
238-->[androidx.work:work-runtime:2.9.1] AndroidManifest.xml:107:25-76
239            </intent-filter>
240        </receiver>
241        <receiver
241-->[androidx.work:work-runtime:2.9.1] AndroidManifest.xml:110:9-121:20
242            android:name="androidx.work.impl.background.systemalarm.RescheduleReceiver"
242-->[androidx.work:work-runtime:2.9.1] AndroidManifest.xml:111:13-88
243            android:directBootAware="false"
243-->[androidx.work:work-runtime:2.9.1] AndroidManifest.xml:112:13-44
244            android:enabled="false"
244-->[androidx.work:work-runtime:2.9.1] AndroidManifest.xml:113:13-36
245            android:exported="false" >
245-->[androidx.work:work-runtime:2.9.1] AndroidManifest.xml:114:13-37
246            <intent-filter>
246-->[androidx.work:work-runtime:2.9.1] AndroidManifest.xml:116:13-120:29
247                <action android:name="android.intent.action.BOOT_COMPLETED" />
247-->[androidx.work:work-runtime:2.9.1] AndroidManifest.xml:117:17-79
247-->[androidx.work:work-runtime:2.9.1] AndroidManifest.xml:117:25-76
248                <action android:name="android.intent.action.TIME_SET" />
248-->[androidx.work:work-runtime:2.9.1] AndroidManifest.xml:118:17-73
248-->[androidx.work:work-runtime:2.9.1] AndroidManifest.xml:118:25-70
249                <action android:name="android.intent.action.TIMEZONE_CHANGED" />
249-->[androidx.work:work-runtime:2.9.1] AndroidManifest.xml:119:17-81
249-->[androidx.work:work-runtime:2.9.1] AndroidManifest.xml:119:25-78
250            </intent-filter>
251        </receiver>
252        <receiver
252-->[androidx.work:work-runtime:2.9.1] AndroidManifest.xml:122:9-131:20
253            android:name="androidx.work.impl.background.systemalarm.ConstraintProxyUpdateReceiver"
253-->[androidx.work:work-runtime:2.9.1] AndroidManifest.xml:123:13-99
254            android:directBootAware="false"
254-->[androidx.work:work-runtime:2.9.1] AndroidManifest.xml:124:13-44
255            android:enabled="@bool/enable_system_alarm_service_default"
255-->[androidx.work:work-runtime:2.9.1] AndroidManifest.xml:125:13-72
256            android:exported="false" >
256-->[androidx.work:work-runtime:2.9.1] AndroidManifest.xml:126:13-37
257            <intent-filter>
257-->[androidx.work:work-runtime:2.9.1] AndroidManifest.xml:128:13-130:29
258                <action android:name="androidx.work.impl.background.systemalarm.UpdateProxies" />
258-->[androidx.work:work-runtime:2.9.1] AndroidManifest.xml:129:17-98
258-->[androidx.work:work-runtime:2.9.1] AndroidManifest.xml:129:25-95
259            </intent-filter>
260        </receiver>
261        <receiver
261-->[androidx.work:work-runtime:2.9.1] AndroidManifest.xml:132:9-142:20
262            android:name="androidx.work.impl.diagnostics.DiagnosticsReceiver"
262-->[androidx.work:work-runtime:2.9.1] AndroidManifest.xml:133:13-78
263            android:directBootAware="false"
263-->[androidx.work:work-runtime:2.9.1] AndroidManifest.xml:134:13-44
264            android:enabled="true"
264-->[androidx.work:work-runtime:2.9.1] AndroidManifest.xml:135:13-35
265            android:exported="true"
265-->[androidx.work:work-runtime:2.9.1] AndroidManifest.xml:136:13-36
266            android:permission="android.permission.DUMP" >
266-->[androidx.work:work-runtime:2.9.1] AndroidManifest.xml:137:13-57
267            <intent-filter>
267-->[androidx.work:work-runtime:2.9.1] AndroidManifest.xml:139:13-141:29
268                <action android:name="androidx.work.diagnostics.REQUEST_DIAGNOSTICS" />
268-->[androidx.work:work-runtime:2.9.1] AndroidManifest.xml:140:17-88
268-->[androidx.work:work-runtime:2.9.1] AndroidManifest.xml:140:25-85
269            </intent-filter>
270        </receiver>
271
272        <uses-library
272-->[androidx.window:window:1.0.0] AndroidManifest.xml:25:9-27:40